<?xml version="1.0" encoding="UTF-8" ?>
<testsuite tests="1" failures="0" name="tn.esprit.esponline.control.DemoTest" time="0.988" errors="0" skipped="0">
  <properties>
    <property name="java.runtime.name" value="Java(TM) SE Runtime Environment"/>
    <property name="sun.boot.library.path" value="C:\Products\java\jdk-1.8.0.60\jre\bin"/>
    <property name="java.vm.version" value="25.60-b23"/>
    <property name="url" value="http://localhost:8081/repository/maven-releases/"/>
    <property name="java.vm.vendor" value="Oracle Corporation"/>
    <property name="maven.multiModuleProjectDirectory" value="C:\SpringProducts\Springwork\tp-spring-Injection3-Annotations"/>
    <property name="java.vendor.url" value="http://java.oracle.com/"/>
    <property name="path.separator" value=";"/>
    <property name="guice.disable.misplaced.annotation.check" value="true"/>
    <property name="java.vm.name" value="Java HotSpot(TM) 64-Bit Server VM"/>
    <property name="generatePom" value="true"/>
    <property name="file.encoding.pkg" value="sun.io"/>
    <property name="user.script" value=""/>
    <property name="user.country" value="FR"/>
    <property name="sun.java.launcher" value="SUN_STANDARD"/>
    <property name="sun.os.patch.level" value="Service Pack 1"/>
    <property name="java.vm.specification.name" value="Java Virtual Machine Specification"/>
    <property name="user.dir" value="C:\SpringProducts\Springwork\tp-spring-Injection3-Annotations"/>
    <property name="java.runtime.version" value="1.8.0_60-b27"/>
    <property name="java.awt.graphicsenv" value="sun.awt.Win32GraphicsEnvironment"/>
    <property name="java.endorsed.dirs" value="C:\Products\java\jdk-1.8.0.60\jre\lib\endorsed"/>
    <property name="os.arch" value="amd64"/>
    <property name="java.io.tmpdir" value="C:\Users\starinfo\AppData\Local\Temp\"/>
    <property name="line.separator" value="
"/>
    <property name="java.vm.specification.vendor" value="Oracle Corporation"/>
    <property name="user.variant" value=""/>
    <property name="os.name" value="Windows 7"/>
    <property name="packaging" value="jar"/>
    <property name="classworlds.conf" value="C:\SpringProducts\apache-maven-3.6.3-bin\apache-maven-3.6.3\bin\..\bin\m2.conf"/>
    <property name="sun.jnu.encoding" value="Cp1252"/>
    <property name="file" value="target/tp-spring-Injection3-Annotations-1.0.jar"/>
    <property name="java.library.path" value="C:\Products\java\jdk-1.8.0.60\bin;C:\Windows\Sun\Java\bin;C:\Windows\system32;C:\Windows;C:\ProgramData\Oracle\Java\javapath;c:\Program Files (x86)\Intel\iCLS Client\;c:\Program Files\Intel\iCLS Client\;C:\Windows\system32;C:\Windows;C:\Windows\System32\Wbem;C:\Windows\System32\WindowsPowerShell\v1.0\;C:\Program Files\Intel\Intel(R) Management Engine Components\DAL;C:\Program Files\Intel\Intel(R) Management Engine Components\IPT;C:\Program Files (x86)\Intel\Intel(R) Management Engine Components\DAL;C:\Program Files (x86)\Intel\Intel(R) Management Engine Components\IPT;C:\Program Files\MATLAB\R2015b\runtime\win64;C:\Program Files\MATLAB\R2015b\bin;C:\Program Files\MATLAB\MATLAB Production Server\R2015a\runtime\win64;C:\Program Files\MATLAB\MATLAB Production Server\R2015a\bin;C:\Program Files\MATLAB\MATLAB Production Server\R2015a\polyspace\bin;C:\Program Files\MATLAB\R2015b\polyspace\bin;C:\Program Files\MiKTeX 2.9\miktex\bin\x64\;C:\Products\java\jdk-1.8.0.60\bin;C:\SpringProducts\apache-maven-3.6.3-bin\apache-maven-3.6.3\bin;C:\Program Files\Git\cmd;C:\Program Files (x86)\GNU\GnuPG;."/>
    <property name="maven.conf" value="C:\SpringProducts\apache-maven-3.6.3-bin\apache-maven-3.6.3\bin\../conf"/>
    <property name="java.specification.name" value="Java Platform API Specification"/>
    <property name="java.class.version" value="52.0"/>
    <property name="artifactId" value="tp-spring-Injection3-Annotations"/>
    <property name="sun.management.compiler" value="HotSpot 64-Bit Tiered Compilers"/>
    <property name="os.version" value="6.1"/>
    <property name="library.jansi.path" value="C:\SpringProducts\apache-maven-3.6.3-bin\apache-maven-3.6.3\bin\..\lib\jansi-native"/>
    <property name="user.home" value="C:\Users\starinfo"/>
    <property name="user.timezone" value="Africa/Luanda"/>
    <property name="java.awt.printerjob" value="sun.awt.windows.WPrinterJob"/>
    <property name="java.specification.version" value="1.8"/>
    <property name="file.encoding" value="Cp1252"/>
    <property name="user.name" value="starinfo"/>
    <property name="java.class.path" value="C:\SpringProducts\apache-maven-3.6.3-bin\apache-maven-3.6.3\bin\..\boot\plexus-classworlds-2.6.0.jar"/>
    <property name="java.vm.specification.version" value="1.8"/>
    <property name="sun.arch.data.model" value="64"/>
    <property name="java.home" value="C:\Products\java\jdk-1.8.0.60\jre"/>
    <property name="sun.java.command" value="org.codehaus.plexus.classworlds.launcher.Launcher clean package deploy:deploy-file -DgroupId=tn.esprit.esponline -DartifactId=tp-spring-Injection3-Annotations -Dversion=1.0 -DgeneratePom=true -Dpackaging=jar -DrepositoryId=deploymentRepo -Durl=http://localhost:8081/repository/maven-releases/ -Dfile=target/tp-spring-Injection3-Annotations-1.0.jar"/>
    <property name="repositoryId" value="deploymentRepo"/>
    <property name="java.specification.vendor" value="Oracle Corporation"/>
    <property name="user.language" value="fr"/>
    <property name="awt.toolkit" value="sun.awt.windows.WToolkit"/>
    <property name="java.vm.info" value="mixed mode"/>
    <property name="java.version" value="1.8.0_60"/>
    <property name="java.ext.dirs" value="C:\Products\java\jdk-1.8.0.60\jre\lib\ext;C:\Windows\Sun\Java\lib\ext"/>
    <property name="sun.boot.class.path" value="C:\Products\java\jdk-1.8.0.60\jre\lib\resources.jar;C:\Products\java\jdk-1.8.0.60\jre\lib\rt.jar;C:\Products\java\jdk-1.8.0.60\jre\lib\sunrsasign.jar;C:\Products\java\jdk-1.8.0.60\jre\lib\jsse.jar;C:\Products\java\jdk-1.8.0.60\jre\lib\jce.jar;C:\Products\java\jdk-1.8.0.60\jre\lib\charsets.jar;C:\Products\java\jdk-1.8.0.60\jre\lib\jfr.jar;C:\Products\java\jdk-1.8.0.60\jre\classes"/>
    <property name="sun.stderr.encoding" value="cp850"/>
    <property name="java.vendor" value="Oracle Corporation"/>
    <property name="maven.home" value="C:\SpringProducts\apache-maven-3.6.3-bin\apache-maven-3.6.3\bin\.."/>
    <property name="file.separator" value="\"/>
    <property name="java.vendor.url.bug" value="http://bugreport.sun.com/bugreport/"/>
    <property name="sun.cpu.endian" value="little"/>
    <property name="sun.io.unicode.encoding" value="UnicodeLittle"/>
    <property name="version" value="1.0"/>
    <property name="groupId" value="tn.esprit.esponline"/>
    <property name="sun.stdout.encoding" value="cp850"/>
    <property name="sun.desktop" value="windows"/>
    <property name="sun.cpu.isalist" value="amd64"/>
  </properties>
  <testcase classname="tn.esprit.esponline.control.DemoTest" name="testVerifyBeans" time="0.988"/>
</testsuite>